<?xml version="1.0" encoding="UTF-8"?>
<!-- Generated by org.testng.reporters.JUnitReportReporter -->
<testsuite hostname="VIKRAMDIXITH-1XMZ1G2" failures="0" tests="1" name="com.poc.atf.testscripts.LoginTestScripts" time="0.010" errors="0" timestamp="2024-03-15T13:22:40 IST" skipped="0">
  <testcase classname="com.poc.atf.testscripts.LoginTestScripts" name="loginTest" time="0.010"/>
  <system-out/>
</testsuite> <!-- com.poc.atf.testscripts.LoginTestScripts -->
