<?xml version="1.0" encoding="UTF-8"?>
<!-- Generated by org.testng.reporters.JUnitReportReporter -->
<testsuite hostname="VIKRAMDIXITH-1XMZ1G2" failures="0" tests="1" name="com.poc.atf.testscripts.CreateDoTestScripts" time="18.521" errors="0" timestamp="2024-05-27T13:03:38 IST" skipped="0">
  <testcase classname="com.poc.atf.testscripts.CreateDoTestScripts" name="CreateDOScreenTest" time="18.521"/>
  <system-out/>
</testsuite> <!-- com.poc.atf.testscripts.CreateDoTestScripts -->
