<?xml version="1.0" encoding="UTF-8"?>
<!-- Generated by org.testng.reporters.JUnitReportReporter -->
<testsuite hostname="VIKRAMDIXITH-1XMZ1G2" failures="0" tests="1" name="com.poc.atf.testscripts.MenuandRespectiveNamesTestScripts" time="38.311" errors="0" timestamp="2024-04-16T15:11:43 IST" skipped="0">
  <testcase classname="com.poc.atf.testscripts.MenuandRespectiveNamesTestScripts" name="activeScreenTest" time="38.311"/>
  <system-out/>
</testsuite> <!-- com.poc.atf.testscripts.MenuandRespectiveNamesTestScripts -->
