<?xml version="1.0" encoding="UTF-8"?>
<!-- Generated by org.testng.reporters.JUnitReportReporter -->
<testsuite hostname="DESKTOP-NTHU31A" failures="0" tests="1" name="com.poc.atf.testscripts.LoginPageTestScripts" time="9.591" errors="0" timestamp="2024-02-12T17:50:00 IST" skipped="0">
  <testcase classname="com.poc.atf.testscripts.LoginPageTestScripts" name="logIN" time="9.591"/>
  <system-out/>
</testsuite> <!-- com.poc.atf.testscripts.LoginPageTestScripts -->
